SF:lib/domain/models/shortlink_model.dart
DA:6,3
LF:1
LH:1
end_of_record
SF:lib/domain/use_case/create_short_link_use_case.dart
DA:11,1
DA:13,1
DA:14,1
DA:15,2
DA:16,2
DA:19,2
DA:22,1
DA:23,1
DA:24,1
DA:25,1
DA:26,1
DA:27,1
DA:29,4
DA:31,1
DA:33,1
DA:34,3
DA:35,2
LF:17
LH:17
end_of_record
SF:lib/feature/home/home_viewmodel.dart
DA:14,1
DA:17,1
DA:18,1
DA:19,1
DA:21,2
DA:25,1
DA:26,2
DA:27,3
DA:30,1
DA:31,4
DA:32,2
DA:35,1
DA:39,1
DA:40,1
DA:41,1
LF:15
LH:15
end_of_record
SF:lib/util/result.dart
DA:2,16
DA:10,10
DA:17,10
LF:3
LH:3
end_of_record
SF:lib/data/repositories/models/short_link_response.dart
DA:6,3
DA:12,1
DA:13,1
DA:14,1
DA:15,1
DA:16,1
DA:17,1
LF:7
LH:7
end_of_record
SF:lib/data/repositories/models/shorted_link_response.dart
DA:4,2
DA:6,1
DA:7,2
LF:3
LH:3
end_of_record
SF:lib/data/services/api/api_client.dart
DA:8,2
DA:15,2
DA:16,4
DA:18,6
DA:20,2
DA:21,6
DA:22,6
DA:24,2
DA:25,5
DA:27,2
DA:28,1
DA:29,1
DA:30,1
DA:32,1
DA:33,3
DA:36,2
DA:37,1
DA:39,2
DA:44,2
DA:45,4
DA:47,6
DA:48,2
DA:49,2
DA:50,5
DA:52,2
DA:53,1
DA:54,1
DA:55,1
DA:56,2
DA:59,1
DA:60,3
DA:63,2
DA:64,1
DA:66,2
LF:34
LH:34
end_of_record
SF:lib/data/repositories/shortlink/short_link_repository_remote.dart
DA:10,1
DA:12,1
DA:14,2
DA:17,1
DA:19,2
LF:5
LH:5
end_of_record
SF:lib/feature/home/home_page.dart
DA:7,1
DA:11,1
DA:12,1
DA:18,1
DA:20,1
DA:23,1
DA:25,2
DA:26,1
DA:29,1
DA:31,2
DA:33,1
DA:34,1
DA:35,1
DA:37,3
DA:41,1
DA:43,1
DA:44,1
DA:45,2
DA:46,1
DA:48,1
DA:51,1
DA:52,1
DA:53,1
DA:55,1
DA:56,1
DA:62,1
DA:63,1
DA:64,3
DA:65,1
DA:66,1
DA:68,1
DA:69,2
DA:81,1
DA:82,1
DA:84,1
DA:85,1
DA:86,1
DA:89,2
DA:95,1
DA:96,2
DA:97,1
DA:98,2
DA:99,1
DA:101,1
DA:102,2
DA:103,2
DA:104,1
DA:106,1
DA:107,2
DA:129,1
DA:130,1
DA:133,2
DA:135,1
DA:136,1
DA:137,1
DA:138,1
DA:140,1
DA:142,1
LF:58
LH:58
end_of_record
SF:lib/core/themes/colors/dimens.dart
DA:4,1
DA:21,2
DA:22,1
DA:23,1
DA:30,2
DA:32,1
DA:33,2
DA:49,1
DA:63,1
LF:9
LH:9
end_of_record
